2019-04-02 19:17:29 info: {"socketconnected":"5C7RaBxIFEE3wOOiAAAA"}
2019-04-02 19:19:05 info: {"trendInfo":{"trendId":"123","UserId":"A"}}
2019-04-02 19:19:26 info: {"socketconnected":"qpoSG6gSiVooaZOTAAAA"}
2019-04-05 16:02:36 info: {"socketconnected":"5FjZKMZXE1aGGxOdAAAA"}
2019-04-05 16:02:38 info: {"loginInfo":{"UserProfileId":"130044"}}
2019-04-05 16:02:38 info: {"globalUsers":[{"UserProfileId":"130044","subscriptionId":"5FjZKMZXE1aGGxOdAAAA"}]}
2019-04-05 16:06:22 info: {"globalUsers":[]}
2019-04-05 16:06:23 info: {"socketconnected":"LTd-sZWFHMrlRsoqAAAB"}
2019-04-05 16:06:23 info: {"loginInfo":{"UserProfileId":"130044"}}
2019-04-05 16:06:23 info: {"globalUsers":[{"UserProfileId":"130044","subscriptionId":"LTd-sZWFHMrlRsoqAAAB"}]}
2019-04-05 16:06:40 info: {"socketconnected":"vPxTWEU5BTFPRShhAAAC"}
2019-04-05 16:06:41 info: {"loginInfo":{"UserProfileId":"130044"}}
2019-04-05 16:06:41 info: {"globalUsers":[{"UserProfileId":"130044","subscriptionId":"LTd-sZWFHMrlRsoqAAAB"},{"UserProfileId":"130044","subscriptionId":"vPxTWEU5BTFPRShhAAAC"}]}
2019-04-05 16:06:45 info: {"socketconnected":"PAaTP3O-ymsB260JAAAD"}
2019-04-05 16:06:46 info: {"loginInfo":{"UserProfileId":"130044"}}
2019-04-05 16:06:46 info: {"globalUsers":[{"UserProfileId":"130044","subscriptionId":"LTd-sZWFHMrlRsoqAAAB"},{"UserProfileId":"130044","subscriptionId":"vPxTWEU5BTFPRShhAAAC"},{"UserProfileId":"130044","subscriptionId":"PAaTP3O-ymsB260JAAAD"}]}
2019-04-05 16:06:48 info: {"socketconnected":"-YO6X97uerjOdDuFAAAE"}
2019-04-05 16:06:48 info: {"loginInfo":{"UserProfileId":"130044"}}
2019-04-05 16:06:48 info: {"globalUsers":[{"UserProfileId":"130044","subscriptionId":"LTd-sZWFHMrlRsoqAAAB"},{"UserProfileId":"130044","subscriptionId":"vPxTWEU5BTFPRShhAAAC"},{"UserProfileId":"130044","subscriptionId":"PAaTP3O-ymsB260JAAAD"},{"UserProfileId":"130044","subscriptionId":"-YO6X97uerjOdDuFAAAE"}]}
2019-04-05 16:06:51 info: {"socketconnected":"X5geNJpCRNapYPtZAAAF"}
2019-04-05 16:06:52 info: {"loginInfo":{"UserProfileId":"130044"}}
2019-04-05 16:06:52 info: {"globalUsers":[{"UserProfileId":"130044","subscriptionId":"LTd-sZWFHMrlRsoqAAAB"},{"UserProfileId":"130044","subscriptionId":"vPxTWEU5BTFPRShhAAAC"},{"UserProfileId":"130044","subscriptionId":"PAaTP3O-ymsB260JAAAD"},{"UserProfileId":"130044","subscriptionId":"-YO6X97uerjOdDuFAAAE"},{"UserProfileId":"130044","subscriptionId":"X5geNJpCRNapYPtZAAAF"}]}
2019-04-05 16:08:17 info: {"chatUsers":[{"userinfo":{"fromUserProfileId":"123","toUserProfileId":"321"},"subscriptionId":"LTd-sZWFHMrlRsoqAAAB"}]}
2019-04-05 16:08:33 info: {"chatUsers":[{"userinfo":{"fromUserProfileId":"123","toUserProfileId":"321"},"subscriptionId":"LTd-sZWFHMrlRsoqAAAB"},{"userinfo":{"fromUserProfileId":"321","toUserProfileId":"123"},"subscriptionId":"X5geNJpCRNapYPtZAAAF"}]}
2019-04-05 16:08:38 info: {"sendmessage":{"fromUserProfileId":"123","toUserProfileId":"321","message":"test"}}
2019-04-05 16:08:38 error: {"Error":{"name":"RequestError","message":"Invalid column name 'MessageType'.","code":"EREQUEST","number":207,"lineNumber":27,"state":1,"class":16,"serverName":"hpl01","procName":"SaveChat","precedingErrors":[]}}
2019-04-05 16:10:56 info: {"sendmessage":{"fromUserProfileId":"123","toUserProfileId":"321","message":"test"}}
2019-04-05 16:10:56 error: {"Error":{"name":"RequestError","message":"Transaction count after EXECUTE indicates a mismatching number of BEGIN and COMMIT statements. Previous count = 0, current count = 1.","code":"EREQUEST","number":266,"lineNumber":0,"state":2,"class":16,"serverName":"hpl01","procName":"SaveChat","precedingErrors":[]}}
2019-04-05 16:11:26 info: {"sendmessage":{"fromUserProfileId":"123","toUserProfileId":"321","message":"test"}}
2019-04-05 16:11:26 info: {"chatsaved":[[{"Status":0,"Message":"Unauthorized user."}]]}
2019-04-05 16:12:13 info: {"chatUsers":[{"userinfo":{"fromUserProfileId":"123","toUserProfileId":"321"},"subscriptionId":"LTd-sZWFHMrlRsoqAAAB"},{"userinfo":{"fromUserProfileId":"321","toUserProfileId":"123"},"subscriptionId":"X5geNJpCRNapYPtZAAAF"},{"userinfo":{"fromUserProfileId":"130044","toUserProfileId":"140174"},"subscriptionId":"LTd-sZWFHMrlRsoqAAAB"}]}
2019-04-05 16:12:23 info: {"chatUsers":[{"userinfo":{"fromUserProfileId":"123","toUserProfileId":"321"},"subscriptionId":"LTd-sZWFHMrlRsoqAAAB"},{"userinfo":{"fromUserProfileId":"321","toUserProfileId":"123"},"subscriptionId":"X5geNJpCRNapYPtZAAAF"},{"userinfo":{"fromUserProfileId":"130044","toUserProfileId":"140174"},"subscriptionId":"LTd-sZWFHMrlRsoqAAAB"},{"userinfo":{"fromUserProfileId":"140174","toUserProfileId":"130044"},"subscriptionId":"X5geNJpCRNapYPtZAAAF"}]}
2019-04-05 16:12:25 info: {"sendmessage":{"fromUserProfileId":"130044","toUserProfileId":"140174","message":"test"}}
2019-04-05 16:12:25 info: {"chatsaved":[[{"Status":0,"Message":"Unauthorized user."}]]}
2019-04-05 16:25:31 info: {"chat_users_disconnect":[{"userinfo":{"fromUserProfileId":"123","toUserProfileId":"321"},"subscriptionId":"LTd-sZWFHMrlRsoqAAAB"},{"userinfo":{"fromUserProfileId":"130044","toUserProfileId":"140174"},"subscriptionId":"LTd-sZWFHMrlRsoqAAAB"},{"userinfo":{"fromUserProfileId":"140174","toUserProfileId":"130044"},"subscriptionId":"X5geNJpCRNapYPtZAAAF"}]}
2019-04-05 16:25:31 info: {"chat_users_disconnect":[{"userinfo":{"fromUserProfileId":"123","toUserProfileId":"321"},"subscriptionId":"LTd-sZWFHMrlRsoqAAAB"},{"userinfo":{"fromUserProfileId":"130044","toUserProfileId":"140174"},"subscriptionId":"LTd-sZWFHMrlRsoqAAAB"}]}
2019-04-05 16:25:31 info: {"globalUsers":[{"UserProfileId":"130044","subscriptionId":"LTd-sZWFHMrlRsoqAAAB"},{"UserProfileId":"130044","subscriptionId":"vPxTWEU5BTFPRShhAAAC"},{"UserProfileId":"130044","subscriptionId":"PAaTP3O-ymsB260JAAAD"},{"UserProfileId":"130044","subscriptionId":"-YO6X97uerjOdDuFAAAE"}]}
2019-04-05 16:25:31 info: {"socketconnected":"fauLBDf5aI9MEVMEAAAG"}
2019-04-05 16:25:31 info: {"loginInfo":{"UserProfileId":"130044"}}
2019-04-05 16:25:31 info: {"globalUsers":[{"UserProfileId":"130044","subscriptionId":"LTd-sZWFHMrlRsoqAAAB"},{"UserProfileId":"130044","subscriptionId":"vPxTWEU5BTFPRShhAAAC"},{"UserProfileId":"130044","subscriptionId":"PAaTP3O-ymsB260JAAAD"},{"UserProfileId":"130044","subscriptionId":"-YO6X97uerjOdDuFAAAE"},{"UserProfileId":"130044","subscriptionId":"fauLBDf5aI9MEVMEAAAG"}]}
2019-04-05 16:25:34 info: {"globalUsers":[{"UserProfileId":"130044","subscriptionId":"LTd-sZWFHMrlRsoqAAAB"},{"UserProfileId":"130044","subscriptionId":"PAaTP3O-ymsB260JAAAD"},{"UserProfileId":"130044","subscriptionId":"-YO6X97uerjOdDuFAAAE"},{"UserProfileId":"130044","subscriptionId":"fauLBDf5aI9MEVMEAAAG"}]}
2019-04-05 16:25:34 info: {"socketconnected":"vu9pNQgtSI5JSYhOAAAH"}
2019-04-05 16:25:34 info: {"loginInfo":{"UserProfileId":"130044"}}
2019-04-05 16:25:34 info: {"globalUsers":[{"UserProfileId":"130044","subscriptionId":"LTd-sZWFHMrlRsoqAAAB"},{"UserProfileId":"130044","subscriptionId":"PAaTP3O-ymsB260JAAAD"},{"UserProfileId":"130044","subscriptionId":"-YO6X97uerjOdDuFAAAE"},{"UserProfileId":"130044","subscriptionId":"fauLBDf5aI9MEVMEAAAG"},{"UserProfileId":"130044","subscriptionId":"vu9pNQgtSI5JSYhOAAAH"}]}
2019-04-05 16:25:36 info: {"globalUsers":[{"UserProfileId":"130044","subscriptionId":"LTd-sZWFHMrlRsoqAAAB"},{"UserProfileId":"130044","subscriptionId":"-YO6X97uerjOdDuFAAAE"},{"UserProfileId":"130044","subscriptionId":"fauLBDf5aI9MEVMEAAAG"},{"UserProfileId":"130044","subscriptionId":"vu9pNQgtSI5JSYhOAAAH"}]}
2019-04-05 16:25:36 info: {"socketconnected":"tZ6VTJH6KAzI4GeSAAAI"}
2019-04-05 16:25:36 info: {"loginInfo":{"UserProfileId":"130044"}}
2019-04-05 16:25:36 info: {"globalUsers":[{"UserProfileId":"130044","subscriptionId":"LTd-sZWFHMrlRsoqAAAB"},{"UserProfileId":"130044","subscriptionId":"-YO6X97uerjOdDuFAAAE"},{"UserProfileId":"130044","subscriptionId":"fauLBDf5aI9MEVMEAAAG"},{"UserProfileId":"130044","subscriptionId":"vu9pNQgtSI5JSYhOAAAH"},{"UserProfileId":"130044","subscriptionId":"tZ6VTJH6KAzI4GeSAAAI"}]}
2019-04-05 16:25:38 info: {"globalUsers":[{"UserProfileId":"130044","subscriptionId":"LTd-sZWFHMrlRsoqAAAB"},{"UserProfileId":"130044","subscriptionId":"fauLBDf5aI9MEVMEAAAG"},{"UserProfileId":"130044","subscriptionId":"vu9pNQgtSI5JSYhOAAAH"},{"UserProfileId":"130044","subscriptionId":"tZ6VTJH6KAzI4GeSAAAI"}]}
2019-04-05 16:25:38 info: {"socketconnected":"RBhm5Qk0SmfaGLNwAAAJ"}
2019-04-05 16:25:38 info: {"loginInfo":{"UserProfileId":"130044"}}
2019-04-05 16:25:38 info: {"globalUsers":[{"UserProfileId":"130044","subscriptionId":"LTd-sZWFHMrlRsoqAAAB"},{"UserProfileId":"130044","subscriptionId":"fauLBDf5aI9MEVMEAAAG"},{"UserProfileId":"130044","subscriptionId":"vu9pNQgtSI5JSYhOAAAH"},{"UserProfileId":"130044","subscriptionId":"tZ6VTJH6KAzI4GeSAAAI"},{"UserProfileId":"130044","subscriptionId":"RBhm5Qk0SmfaGLNwAAAJ"}]}
2019-04-05 16:25:46 info: {"chat_users_disconnect":[{"userinfo":{"fromUserProfileId":"130044","toUserProfileId":"140174"},"subscriptionId":"LTd-sZWFHMrlRsoqAAAB"}]}
2019-04-05 16:25:46 info: {"globalUsers":[{"UserProfileId":"130044","subscriptionId":"fauLBDf5aI9MEVMEAAAG"},{"UserProfileId":"130044","subscriptionId":"vu9pNQgtSI5JSYhOAAAH"},{"UserProfileId":"130044","subscriptionId":"tZ6VTJH6KAzI4GeSAAAI"},{"UserProfileId":"130044","subscriptionId":"RBhm5Qk0SmfaGLNwAAAJ"}]}
2019-04-05 16:25:47 info: {"socketconnected":"0AlOelnpI4VVPKwAAAAK"}
2019-04-05 16:25:47 info: {"loginInfo":{"UserProfileId":"130044"}}
2019-04-05 16:25:47 info: {"globalUsers":[{"UserProfileId":"130044","subscriptionId":"fauLBDf5aI9MEVMEAAAG"},{"UserProfileId":"130044","subscriptionId":"vu9pNQgtSI5JSYhOAAAH"},{"UserProfileId":"130044","subscriptionId":"tZ6VTJH6KAzI4GeSAAAI"},{"UserProfileId":"130044","subscriptionId":"RBhm5Qk0SmfaGLNwAAAJ"},{"UserProfileId":"130044","subscriptionId":"0AlOelnpI4VVPKwAAAAK"}]}
2019-04-05 18:39:30 info: {"globalUsers":[{"UserProfileId":"130044","subscriptionId":"fauLBDf5aI9MEVMEAAAG"},{"UserProfileId":"130044","subscriptionId":"tZ6VTJH6KAzI4GeSAAAI"},{"UserProfileId":"130044","subscriptionId":"RBhm5Qk0SmfaGLNwAAAJ"},{"UserProfileId":"130044","subscriptionId":"0AlOelnpI4VVPKwAAAAK"}]}
2019-04-05 18:39:30 info: {"socketconnected":"REgGbZb8jrmxmHeKAAAL"}
2019-04-05 18:39:30 info: {"loginInfo":{"UserProfileId":"130044"}}
2019-04-05 18:39:30 info: {"globalUsers":[{"UserProfileId":"130044","subscriptionId":"fauLBDf5aI9MEVMEAAAG"},{"UserProfileId":"130044","subscriptionId":"tZ6VTJH6KAzI4GeSAAAI"},{"UserProfileId":"130044","subscriptionId":"RBhm5Qk0SmfaGLNwAAAJ"},{"UserProfileId":"130044","subscriptionId":"0AlOelnpI4VVPKwAAAAK"},{"UserProfileId":"130044","subscriptionId":"REgGbZb8jrmxmHeKAAAL"}]}
2019-04-05 18:39:35 info: {"globalUsers":[{"UserProfileId":"130044","subscriptionId":"fauLBDf5aI9MEVMEAAAG"},{"UserProfileId":"130044","subscriptionId":"RBhm5Qk0SmfaGLNwAAAJ"},{"UserProfileId":"130044","subscriptionId":"0AlOelnpI4VVPKwAAAAK"},{"UserProfileId":"130044","subscriptionId":"REgGbZb8jrmxmHeKAAAL"}]}
2019-04-05 18:39:35 info: {"socketconnected":"GOE5tZbaBO38vquHAAAM"}
2019-04-05 18:39:35 info: {"loginInfo":{"UserProfileId":"130044"}}
2019-04-05 18:39:35 info: {"globalUsers":[{"UserProfileId":"130044","subscriptionId":"fauLBDf5aI9MEVMEAAAG"},{"UserProfileId":"130044","subscriptionId":"RBhm5Qk0SmfaGLNwAAAJ"},{"UserProfileId":"130044","subscriptionId":"0AlOelnpI4VVPKwAAAAK"},{"UserProfileId":"130044","subscriptionId":"REgGbZb8jrmxmHeKAAAL"},{"UserProfileId":"130044","subscriptionId":"GOE5tZbaBO38vquHAAAM"}]}
2019-04-05 18:39:36 info: {"globalUsers":[{"UserProfileId":"130044","subscriptionId":"fauLBDf5aI9MEVMEAAAG"},{"UserProfileId":"130044","subscriptionId":"0AlOelnpI4VVPKwAAAAK"},{"UserProfileId":"130044","subscriptionId":"REgGbZb8jrmxmHeKAAAL"},{"UserProfileId":"130044","subscriptionId":"GOE5tZbaBO38vquHAAAM"}]}
2019-04-05 18:39:36 info: {"socketconnected":"ITpzxj7Fhj5vb36vAAAN"}
2019-04-05 18:39:36 info: {"loginInfo":{"UserProfileId":"130044"}}
2019-04-05 18:39:36 info: {"globalUsers":[{"UserProfileId":"130044","subscriptionId":"fauLBDf5aI9MEVMEAAAG"},{"UserProfileId":"130044","subscriptionId":"0AlOelnpI4VVPKwAAAAK"},{"UserProfileId":"130044","subscriptionId":"REgGbZb8jrmxmHeKAAAL"},{"UserProfileId":"130044","subscriptionId":"GOE5tZbaBO38vquHAAAM"},{"UserProfileId":"130044","subscriptionId":"ITpzxj7Fhj5vb36vAAAN"}]}
2019-04-05 18:39:37 info: {"globalUsers":[{"UserProfileId":"130044","subscriptionId":"0AlOelnpI4VVPKwAAAAK"},{"UserProfileId":"130044","subscriptionId":"REgGbZb8jrmxmHeKAAAL"},{"UserProfileId":"130044","subscriptionId":"GOE5tZbaBO38vquHAAAM"},{"UserProfileId":"130044","subscriptionId":"ITpzxj7Fhj5vb36vAAAN"}]}
2019-04-05 18:39:37 info: {"socketconnected":"QVphD3aGfrIsJUCnAAAO"}
2019-04-05 18:39:37 info: {"loginInfo":{"UserProfileId":"130044"}}
2019-04-05 18:39:37 info: {"globalUsers":[{"UserProfileId":"130044","subscriptionId":"0AlOelnpI4VVPKwAAAAK"},{"UserProfileId":"130044","subscriptionId":"REgGbZb8jrmxmHeKAAAL"},{"UserProfileId":"130044","subscriptionId":"GOE5tZbaBO38vquHAAAM"},{"UserProfileId":"130044","subscriptionId":"ITpzxj7Fhj5vb36vAAAN"},{"UserProfileId":"130044","subscriptionId":"QVphD3aGfrIsJUCnAAAO"}]}
2019-04-05 18:39:44 info: {"globalUsers":[{"UserProfileId":"130044","subscriptionId":"REgGbZb8jrmxmHeKAAAL"},{"UserProfileId":"130044","subscriptionId":"GOE5tZbaBO38vquHAAAM"},{"UserProfileId":"130044","subscriptionId":"ITpzxj7Fhj5vb36vAAAN"},{"UserProfileId":"130044","subscriptionId":"QVphD3aGfrIsJUCnAAAO"}]}
2019-04-05 18:39:44 info: {"socketconnected":"OjsY5SGJKzZ0AKU1AAAP"}
2019-04-05 18:39:44 info: {"loginInfo":{"UserProfileId":"130044"}}
2019-04-05 18:39:44 info: {"globalUsers":[{"UserProfileId":"130044","subscriptionId":"REgGbZb8jrmxmHeKAAAL"},{"UserProfileId":"130044","subscriptionId":"GOE5tZbaBO38vquHAAAM"},{"UserProfileId":"130044","subscriptionId":"ITpzxj7Fhj5vb36vAAAN"},{"UserProfileId":"130044","subscriptionId":"QVphD3aGfrIsJUCnAAAO"},{"UserProfileId":"130044","subscriptionId":"OjsY5SGJKzZ0AKU1AAAP"}]}
2019-04-05 18:42:05 info: {"chatUsers":[{"userinfo":{"fromUserProfileId":"130044","toUserProfileId":"140174"},"subscriptionId":"LTd-sZWFHMrlRsoqAAAB"},{"userinfo":{"fromUserProfileId":"140079","toUserProfileId":"140084"},"subscriptionId":"OjsY5SGJKzZ0AKU1AAAP"}]}
2019-04-05 18:42:07 info: {"chatUsers":[{"userinfo":{"fromUserProfileId":"130044","toUserProfileId":"140174"},"subscriptionId":"LTd-sZWFHMrlRsoqAAAB"},{"userinfo":{"fromUserProfileId":"140079","toUserProfileId":"140084"},"subscriptionId":"OjsY5SGJKzZ0AKU1AAAP"},{"userinfo":{"fromUserProfileId":"140084","toUserProfileId":"140079"},"subscriptionId":"QVphD3aGfrIsJUCnAAAO"}]}
2019-04-05 18:42:12 info: {"sendmessage":{"fromUserProfileId":"140079","toUserProfileId":"140084","message":"test","userId":"f10316a6-bff3-4740-a31a-88d42561c604"}}
2019-04-05 18:42:12 info: {"chatsaved":[[{"Status":1,"data":"1","Message":"Chat inserted successfully."}]]}
2019-04-05 18:43:30 info: {"sendmessage":{"message":"test1"}}
2019-04-05 18:43:30 info: {"chatsaved":[[{"Status":0,"Message":"Unauthorized user."}]]}
2019-04-05 18:43:40 info: {"sendmessage":{"fromUserProfileId":"140084","toUserProfileId":"140079","message":"test13","userId":"077930ca-77aa-4b02-a120-1d8b2acdc9a9"}}
2019-04-05 18:43:40 info: {"chatsaved":[[{"Status":1,"data":"2","Message":"Chat inserted successfully."}]]}
2019-04-05 18:55:19 info: {"chatUsers":[{"userinfo":{"fromUserProfileId":"130044","toUserProfileId":"140174"},"subscriptionId":"LTd-sZWFHMrlRsoqAAAB"},{"userinfo":{"fromUserProfileId":"140079","toUserProfileId":"140084"},"subscriptionId":"OjsY5SGJKzZ0AKU1AAAP"},{"userinfo":{"fromUserProfileId":"140084","toUserProfileId":"140079"},"subscriptionId":"QVphD3aGfrIsJUCnAAAO"},{"userinfo":{"fromUserProfileId":"140099","toUserProfileId":"140079"},"subscriptionId":"ITpzxj7Fhj5vb36vAAAN"}]}
2019-04-05 18:55:26 info: {"sendmessage":{"fromUserProfileId":"140099","toUserProfileId":"140079","message":"test 14875","userId":"3ced1b53-8591-42b5-947a-64af7a05d070"}}
2019-04-05 18:55:26 info: {"chatsaved":[[{"Status":1,"data":"3","Message":"Chat inserted successfully."}]]}
2019-04-05 18:59:41 info: {"socketconnected":"reiw4ZEyl-rrO96tAAAA"}
2019-04-05 18:59:41 info: {"socketconnected":"tBl_nfk925gzqwEeAAAB"}
2019-04-05 18:59:41 info: {"socketconnected":"hH4GaVoA32NO7mfAAAAC"}
2019-04-05 18:59:41 info: {"socketconnected":"z2CblyW21ZAqbwJmAAAD"}
2019-04-05 18:59:42 info: {"socketconnected":"xhwBlQvM_nVc3INOAAAE"}
2019-04-05 19:02:08 info: {"socketconnected":"VT9w2vZ1r9RIJ9_WAAAA"}
2019-04-05 19:02:08 info: {"socketconnected":"JTiLZYsvRGiB_ByYAAAB"}
2019-04-05 19:02:09 info: {"socketconnected":"0B1zCdUcK_IYoEN1AAAC"}
2019-04-05 19:02:09 info: {"socketconnected":"LXT3Dy1m-GSwvFCuAAAD"}
2019-04-05 19:02:09 info: {"socketconnected":"eyIyZem7LZ4tO2hHAAAE"}
2019-04-05 19:02:10 info: {"socketconnected":"7WSzIvEiJfnymxFsAAAA"}
2019-04-05 19:02:11 info: {"socketconnected":"Zi6abiPf9pQSoCXSAAAB"}
2019-04-05 19:02:11 info: {"socketconnected":"oGN77EgUpOsraBy7AAAC"}
2019-04-05 19:02:11 info: {"socketconnected":"t-yOIiLzAk8ku5nsAAAD"}
2019-04-05 19:02:11 info: {"socketconnected":"KcBwOS-ti5MwzH5OAAAE"}
2019-04-05 19:03:36 info: {"socketconnected":"-LUz3jxc3LGlEjNSAAAA"}
2019-04-05 19:03:36 info: {"socketconnected":"DLpwykfnZmTaqo8UAAAB"}
2019-04-05 19:03:36 info: {"socketconnected":"LqjqhUbdcReD1QHJAAAC"}
2019-04-05 19:03:36 info: {"socketconnected":"2_j66yF89peXcRcGAAAD"}
2019-04-05 19:03:36 info: {"socketconnected":"biK021TuQK4B2DcpAAAE"}
2019-04-05 19:06:07 info: {"socketconnected":"j4xqyw6kXjTSu9zTAAAA"}
2019-04-05 19:06:07 info: {"socketconnected":"Nxa9XbOfscoDPNQWAAAB"}
2019-04-05 19:06:07 info: {"socketconnected":"olUddwWk2zRVjljsAAAC"}
2019-04-05 19:06:07 info: {"socketconnected":"HgvLLw2I5iaw_eeVAAAD"}
2019-04-05 19:06:08 info: {"socketconnected":"bQYpcoEEFif478qhAAAE"}
2019-04-05 19:07:20 info: {"chatUsers":[{"userinfo":{"fromUserProfileId":"140079","toUserProfileId":"140084"},"subscriptionId":"j4xqyw6kXjTSu9zTAAAA"}]}
2019-04-05 19:09:24 info: {"socketconnected":"BO6vJzT-qcMkF9-aAAAA"}
2019-04-05 19:09:24 info: {"socketconnected":"26jbsN9qvrmG6SRcAAAB"}
2019-04-05 19:09:25 info: {"socketconnected":"_FIrGTPBpPlhoCqTAAAC"}
2019-04-05 19:09:25 info: {"socketconnected":"WdFfGVVZiVVJNIHdAAAD"}
2019-04-05 19:09:25 info: {"socketconnected":"LVMuVPyj0qD7CxqfAAAE"}
2019-04-05 19:09:45 info: {"socketconnected":"ahxGcbqQhoatE8psAAAA"}
2019-04-05 19:09:45 info: {"socketconnected":"_os3LeTGsT2Jv9LEAAAB"}
2019-04-05 19:09:45 info: {"socketconnected":"0y6O7x9gtdXjJHdKAAAC"}
2019-04-05 19:09:46 info: {"socketconnected":"y5jOhQxKHeGWSbk8AAAD"}
2019-04-05 19:09:46 info: {"socketconnected":"xPRrHSjLZY715g6vAAAE"}
2019-04-05 19:10:41 info: {"chatUsers":[{"userinfo":{"fromUserProfileId":"140079","toUserProfileId":"140084"},"subscriptionId":"ahxGcbqQhoatE8psAAAA"}]}
2019-04-05 19:11:12 info: {"socketconnected":"_T9MBCKTybPM7JF2AAAA"}
2019-04-05 19:11:12 info: {"socketconnected":"W1WZYHF1V2GgRF3fAAAB"}
2019-04-05 19:11:13 info: {"socketconnected":"5NxXcF-3pONSnZOlAAAC"}
2019-04-05 19:11:13 info: {"chatUsers":[{"userinfo":{"fromUserProfileId":"140079","toUserProfileId":"140084"},"subscriptionId":"5NxXcF-3pONSnZOlAAAC"}]}
2019-04-05 19:11:13 info: {"socketconnected":"fu0euP19RxHVEHS9AAAD"}
2019-04-05 19:11:16 info: {"socketconnected":"6fivZpdDULi5W3euAAAE"}
2019-04-05 19:11:47 info: {"socketconnected":"f83ymKLCaltY3bndAAAA"}
2019-04-05 19:11:47 info: {"socketconnected":"ASilmzEJYeJZeH22AAAB"}
2019-04-05 19:11:47 info: {"socketconnected":"aehQVQ_fQKRtMLFbAAAC"}
2019-04-05 19:11:48 info: {"socketconnected":"deoJq28JJCWKcwRTAAAD"}
2019-04-05 19:11:48 info: {"socketconnected":"q58ozD5inOvdRz4HAAAE"}
2019-04-05 19:14:52 info: {"chatUsers":[{"userinfo":{"fromUserProfileId":"140079","toUserProfileId":"140084"},"subscriptionId":"aehQVQ_fQKRtMLFbAAAC"}]}
2019-04-05 19:16:03 info: {"chatUsers":[{"userinfo":{"fromUserProfileId":"140079","toUserProfileId":"140084"},"subscriptionId":"aehQVQ_fQKRtMLFbAAAC"},{"userinfo":{"fromUserProfileId":"140079","toUserProfileId":"140084"},"subscriptionId":"aehQVQ_fQKRtMLFbAAAC"}]}
2019-04-05 19:18:52 info: {"chat_users_disconnect":[{"userinfo":{"fromUserProfileId":"140079","toUserProfileId":"140084"},"subscriptionId":"aehQVQ_fQKRtMLFbAAAC"}]}
2019-04-05 19:18:52 info: {"socketconnected":"2nLObRQZfhb9HIrtAAAF"}
2019-04-05 19:18:52 info: {"loginInfo":{"UserProfileId":"130044"}}
2019-04-05 19:18:52 info: {"globalUsers":[{"UserProfileId":"130044","subscriptionId":"2nLObRQZfhb9HIrtAAAF"}]}
2019-04-05 19:19:11 info: {"chatUsers":[{"userinfo":{"fromUserProfileId":"140079","toUserProfileId":"140084"},"subscriptionId":"aehQVQ_fQKRtMLFbAAAC"},{"userinfo":{"fromUserProfileId":"140079","toUserProfileId":"140084","userId":"f10316a6-bff3-4740-a31a-88d42561c604"},"subscriptionId":"2nLObRQZfhb9HIrtAAAF"}]}
2019-04-05 19:19:32 info: {"socketconnected":"AbfQE8zwefYLAETIAAAA"}
2019-04-05 19:19:32 info: {"socketconnected":"CopBI872CHGUTpwFAAAB"}
2019-04-05 19:19:33 info: {"socketconnected":"JzWQ19J6CL7PKss1AAAC"}
2019-04-05 19:19:33 info: {"socketconnected":"FlCqv9NTrwzFEhvBAAAD"}
2019-04-05 19:19:33 info: {"socketconnected":"ymBXtDXrWtckTDW5AAAE"}
2019-04-05 19:19:35 info: {"chatUsers":[{"userinfo":{"fromUserProfileId":"140079","toUserProfileId":"140084","userId":"f10316a6-bff3-4740-a31a-88d42561c604"},"subscriptionId":"AbfQE8zwefYLAETIAAAA"}]}
2019-04-05 19:20:22 info: {"chatUsers":[{"userinfo":{"fromUserProfileId":"140079","toUserProfileId":"140084","userId":"f10316a6-bff3-4740-a31a-88d42561c604"},"subscriptionId":"AbfQE8zwefYLAETIAAAA"},{"userinfo":{"fromUserProfileId":"140079","toUserProfileId":"140084","userId":"f10316a6-bff3-4740-a31a-88d42561604"},"subscriptionId":"AbfQE8zwefYLAETIAAAA"}]}
2019-04-05 19:35:56 info: {"socketconnected":"DNCDxegFouODlSnlAAAA"}
2019-04-05 19:36:08 info: {"socketconnected":"cuWDMRHqyf4pZXhvAAAA"}
2019-04-05 19:36:25 info: {"chatUsers":[{"userinfo":{"fromUserProfileId":"140079","toUserProfileId":"140084","userId":"f10316a6-bff3-4740-a31a-88d42561c604"},"subscriptionId":"cuWDMRHqyf4pZXhvAAAA"}]}
2019-04-05 19:36:29 info: {"sendmessage":{"fromUserProfileId":"140079","toUserProfileId":"140084","message":"test","userId":"f10316a6-bff3-4740-a31a-88d42561c604"}}
2019-04-05 19:36:29 info: {"messagesaved":[[{"Status":1,"data":"4","Message":"Chat inserted successfully."}]]}
2019-04-05 19:37:04 info: {"sendmessage":{"fromUserProfileId":"140079","toUserProfileId":"140084","message":"test","userId":"f10316a6-bff3-4740-a31a-88d42561c604"}}
2019-04-05 19:37:05 info: {"messagesaved":[[{"Status":1,"data":"5","Message":"Chat inserted successfully."}]]}
2019-04-05 19:48:23 info: {"socketconnected":"OnoWbktdvuITV-obAAAA"}
