2019-04-18 16:00:55 info: {"socketconnected":"qaNwJUBkVIqzl-3tAAAA"}
2019-04-18 16:00:57 info: {"socketconnected":"WNGy4Z5ZxM2J1ELcAAAB"}
2019-04-18 16:01:04 info: {"chatUsers":[{"userinfo":{"userId":"633e5224-f829-40fe-9ed3-758ec58b00fc","fromUserProfileId":"140177","toUserProfileId":130044},"subscriptionId":"qaNwJUBkVIqzl-3tAAAA"}]}
2019-04-18 16:02:43 info: {"chat_users_disconnect":[]}
2019-04-18 16:03:00 info: {"socketconnected":"hKw0l2htF0dQHDDgAAAC"}
2019-04-18 16:03:23 info: {"chatUsers":[{"userinfo":{"toUserProfileId":140177,"fromUserProfileId":"130044","userId":"f88f8c82-45b6-4936-b16d-a4cb3a46329b"},"subscriptionId":"WNGy4Z5ZxM2J1ELcAAAB"}]}
2019-04-18 16:07:43 info: {"chat_users_disconnect":[]}
2019-04-18 16:08:17 info: {"socketconnected":"4tz0IP3KPo17-97ZAAAD"}
2019-04-18 16:08:19 info: {"socketconnected":"TUMdPdVeChic__4cAAAE"}
2019-04-18 16:09:44 info: {"trendInfo":{"trendId":40146}}
2019-04-18 16:09:45 info: {"trendInfo":{"trendId":40146}}
2019-04-18 16:09:52 info: {"trendInfo":{"trendId":40143}}
2019-04-18 16:09:52 info: {"trendInfo":{"trendId":40143}}
2019-04-18 16:09:52 info: {"trendInfo":{"trendId":40143}}
2019-04-18 16:09:52 info: {"trendInfo":{"trendId":40143}}
2019-04-18 16:09:57 info: {"commentInfo":{"Id":50409,"chatroom":"comment_40143","UserProfileId":"140177","IsReply":0}}
2019-04-18 16:09:58 info: {"commentdata":{"commentData":{"CommentID":50409,"CommentText":"Test","CommentImage":null,"ProfileImage":null,"UserFirstname":"Shahrukh","UserLastname":"Khan","Username":"shahrukhKhan@yopmail.com","TimeAgo":"0 s","IsLiked":false,"CanDelete":true,"UserProfileId":"140177","CommentAudio":null,"Duration":null,"Replies":[]},"IsReply":false}}
2019-04-18 16:10:28 info: {"trendInfo":{"trendId":40143}}
2019-04-18 16:10:28 info: {"trendInfo":{"trendId":40143}}
2019-04-18 16:10:29 info: {"trendInfo":{"trendId":40143}}
2019-04-18 16:10:29 info: {"trendInfo":{"trendId":40143}}
2019-04-18 16:11:06 info: {"trendInfo":{"trendId":40143}}
2019-04-18 16:11:06 info: {"trendInfo":{"trendId":40143}}
2019-04-18 16:11:09 info: {"trendInfo":{"trendId":40143}}
2019-04-18 16:11:09 info: {"trendInfo":{"trendId":40143}}
2019-04-18 16:11:24 info: {"trendInfo":{"trendId":40143}}
2019-04-18 16:11:24 info: {"trendInfo":{"trendId":40143}}
2019-04-18 16:11:31 info: {"trendInfo":{"trendId":40163}}
2019-04-18 16:11:31 info: {"trendInfo":{"trendId":40163}}
2019-04-18 16:12:55 info: {"trendInfo":{"trendId":30078}}
2019-04-18 16:12:55 info: {"trendInfo":{"trendId":30078}}
2019-04-18 16:12:57 info: {"trendInfo":{"trendId":30078}}
2019-04-18 16:12:57 info: {"trendInfo":{"trendId":30078}}
2019-04-18 16:13:20 info: {"trendInfo":{"trendId":30078}}
2019-04-18 16:13:20 info: {"trendInfo":{"trendId":30078}}
2019-04-18 16:14:00 info: {"commentInfo":{"Id":50410,"chatroom":"comment_30078","UserProfileId":"140177","IsReply":0}}
2019-04-18 16:14:00 info: {"commentdata":{"commentData":{"CommentID":50410,"CommentText":"Test","CommentImage":null,"ProfileImage":null,"UserFirstname":"Shahrukh","UserLastname":"Khan","Username":"shahrukhKhan@yopmail.com","TimeAgo":"0 s","IsLiked":false,"CanDelete":true,"UserProfileId":"140177","CommentAudio":null,"Duration":null,"Replies":[]},"IsReply":false}}
2019-04-18 16:15:30 info: {"comment_trenders_disconnect":[{"trendInfo":{"trendId":40146},"subscriptionId":"TUMdPdVeChic__4cAAAE"},{"trendInfo":{"trendId":40146},"subscriptionId":"TUMdPdVeChic__4cAAAE"},{"trendInfo":{"trendId":40143},"subscriptionId":"TUMdPdVeChic__4cAAAE"},{"trendInfo":{"trendId":40143},"subscriptionId":"TUMdPdVeChic__4cAAAE"},{"trendInfo":{"trendId":40143},"subscriptionId":"4tz0IP3KPo17-97ZAAAD"},{"trendInfo":{"trendId":40143},"subscriptionId":"TUMdPdVeChic__4cAAAE"},{"trendInfo":{"trendId":40143},"subscriptionId":"TUMdPdVeChic__4cAAAE"},{"trendInfo":{"trendId":40143},"subscriptionId":"4tz0IP3KPo17-97ZAAAD"},{"trendInfo":{"trendId":40143},"subscriptionId":"4tz0IP3KPo17-97ZAAAD"},{"trendInfo":{"trendId":40143},"subscriptionId":"TUMdPdVeChic__4cAAAE"},{"trendInfo":{"trendId":40143},"subscriptionId":"TUMdPdVeChic__4cAAAE"},{"trendInfo":{"trendId":40143},"subscriptionId":"4tz0IP3KPo17-97ZAAAD"},{"trendInfo":{"trendId":40143},"subscriptionId":"4tz0IP3KPo17-97ZAAAD"},{"trendInfo":{"trendId":40143},"subscriptionId":"4tz0IP3KPo17-97ZAAAD"},{"trendInfo":{"trendId":40143},"subscriptionId":"4tz0IP3KPo17-97ZAAAD"},{"trendInfo":{"trendId":40163},"subscriptionId":"4tz0IP3KPo17-97ZAAAD"},{"trendInfo":{"trendId":40163},"subscriptionId":"4tz0IP3KPo17-97ZAAAD"},{"trendInfo":{"trendId":30078},"subscriptionId":"TUMdPdVeChic__4cAAAE"},{"trendInfo":{"trendId":30078},"subscriptionId":"TUMdPdVeChic__4cAAAE"},{"trendInfo":{"trendId":30078},"subscriptionId":"4tz0IP3KPo17-97ZAAAD"},{"trendInfo":{"trendId":30078},"subscriptionId":"4tz0IP3KPo17-97ZAAAD"},{"trendInfo":{"trendId":30078},"subscriptionId":"4tz0IP3KPo17-97ZAAAD"},{"trendInfo":{"trendId":30078},"subscriptionId":"4tz0IP3KPo17-97ZAAAD"}]}
2019-04-18 16:15:30 info: {"comment_trenders_disconnect":[{"trendInfo":{"trendId":40146},"subscriptionId":"TUMdPdVeChic__4cAAAE"},{"trendInfo":{"trendId":40146},"subscriptionId":"TUMdPdVeChic__4cAAAE"},{"trendInfo":{"trendId":40143},"subscriptionId":"TUMdPdVeChic__4cAAAE"},{"trendInfo":{"trendId":40143},"subscriptionId":"TUMdPdVeChic__4cAAAE"},{"trendInfo":{"trendId":40143},"subscriptionId":"TUMdPdVeChic__4cAAAE"},{"trendInfo":{"trendId":40143},"subscriptionId":"TUMdPdVeChic__4cAAAE"},{"trendInfo":{"trendId":40143},"subscriptionId":"4tz0IP3KPo17-97ZAAAD"},{"trendInfo":{"trendId":40143},"subscriptionId":"4tz0IP3KPo17-97ZAAAD"},{"trendInfo":{"trendId":40143},"subscriptionId":"TUMdPdVeChic__4cAAAE"},{"trendInfo":{"trendId":40143},"subscriptionId":"TUMdPdVeChic__4cAAAE"},{"trendInfo":{"trendId":40143},"subscriptionId":"4tz0IP3KPo17-97ZAAAD"},{"trendInfo":{"trendId":40143},"subscriptionId":"4tz0IP3KPo17-97ZAAAD"},{"trendInfo":{"trendId":40143},"subscriptionId":"4tz0IP3KPo17-97ZAAAD"},{"trendInfo":{"trendId":40143},"subscriptionId":"4tz0IP3KPo17-97ZAAAD"},{"trendInfo":{"trendId":40163},"subscriptionId":"4tz0IP3KPo17-97ZAAAD"},{"trendInfo":{"trendId":40163},"subscriptionId":"4tz0IP3KPo17-97ZAAAD"},{"trendInfo":{"trendId":30078},"subscriptionId":"TUMdPdVeChic__4cAAAE"},{"trendInfo":{"trendId":30078},"subscriptionId":"TUMdPdVeChic__4cAAAE"},{"trendInfo":{"trendId":30078},"subscriptionId":"4tz0IP3KPo17-97ZAAAD"},{"trendInfo":{"trendId":30078},"subscriptionId":"4tz0IP3KPo17-97ZAAAD"},{"trendInfo":{"trendId":30078},"subscriptionId":"4tz0IP3KPo17-97ZAAAD"},{"trendInfo":{"trendId":30078},"subscriptionId":"4tz0IP3KPo17-97ZAAAD"}]}
2019-04-18 16:15:30 info: {"comment_trenders_disconnect":[{"trendInfo":{"trendId":40146},"subscriptionId":"TUMdPdVeChic__4cAAAE"},{"trendInfo":{"trendId":40146},"subscriptionId":"TUMdPdVeChic__4cAAAE"},{"trendInfo":{"trendId":40143},"subscriptionId":"TUMdPdVeChic__4cAAAE"},{"trendInfo":{"trendId":40143},"subscriptionId":"TUMdPdVeChic__4cAAAE"},{"trendInfo":{"trendId":40143},"subscriptionId":"TUMdPdVeChic__4cAAAE"},{"trendInfo":{"trendId":40143},"subscriptionId":"TUMdPdVeChic__4cAAAE"},{"trendInfo":{"trendId":40143},"subscriptionId":"4tz0IP3KPo17-97ZAAAD"},{"trendInfo":{"trendId":40143},"subscriptionId":"TUMdPdVeChic__4cAAAE"},{"trendInfo":{"trendId":40143},"subscriptionId":"TUMdPdVeChic__4cAAAE"},{"trendInfo":{"trendId":40143},"subscriptionId":"4tz0IP3KPo17-97ZAAAD"},{"trendInfo":{"trendId":40143},"subscriptionId":"4tz0IP3KPo17-97ZAAAD"},{"trendInfo":{"trendId":40143},"subscriptionId":"4tz0IP3KPo17-97ZAAAD"},{"trendInfo":{"trendId":40143},"subscriptionId":"4tz0IP3KPo17-97ZAAAD"},{"trendInfo":{"trendId":40163},"subscriptionId":"4tz0IP3KPo17-97ZAAAD"},{"trendInfo":{"trendId":40163},"subscriptionId":"4tz0IP3KPo17-97ZAAAD"},{"trendInfo":{"trendId":30078},"subscriptionId":"TUMdPdVeChic__4cAAAE"},{"trendInfo":{"trendId":30078},"subscriptionId":"TUMdPdVeChic__4cAAAE"},{"trendInfo":{"trendId":30078},"subscriptionId":"4tz0IP3KPo17-97ZAAAD"},{"trendInfo":{"trendId":30078},"subscriptionId":"4tz0IP3KPo17-97ZAAAD"},{"trendInfo":{"trendId":30078},"subscriptionId":"4tz0IP3KPo17-97ZAAAD"},{"trendInfo":{"trendId":30078},"subscriptionId":"4tz0IP3KPo17-97ZAAAD"}]}
2019-04-18 16:15:30 info: {"comment_trenders_disconnect":[{"trendInfo":{"trendId":40146},"subscriptionId":"TUMdPdVeChic__4cAAAE"},{"trendInfo":{"trendId":40146},"subscriptionId":"TUMdPdVeChic__4cAAAE"},{"trendInfo":{"trendId":40143},"subscriptionId":"TUMdPdVeChic__4cAAAE"},{"trendInfo":{"trendId":40143},"subscriptionId":"TUMdPdVeChic__4cAAAE"},{"trendInfo":{"trendId":40143},"subscriptionId":"TUMdPdVeChic__4cAAAE"},{"trendInfo":{"trendId":40143},"subscriptionId":"TUMdPdVeChic__4cAAAE"},{"trendInfo":{"trendId":40143},"subscriptionId":"4tz0IP3KPo17-97ZAAAD"},{"trendInfo":{"trendId":40143},"subscriptionId":"TUMdPdVeChic__4cAAAE"},{"trendInfo":{"trendId":40143},"subscriptionId":"TUMdPdVeChic__4cAAAE"},{"trendInfo":{"trendId":40143},"subscriptionId":"4tz0IP3KPo17-97ZAAAD"},{"trendInfo":{"trendId":40143},"subscriptionId":"4tz0IP3KPo17-97ZAAAD"},{"trendInfo":{"trendId":40143},"subscriptionId":"4tz0IP3KPo17-97ZAAAD"},{"trendInfo":{"trendId":40163},"subscriptionId":"4tz0IP3KPo17-97ZAAAD"},{"trendInfo":{"trendId":40163},"subscriptionId":"4tz0IP3KPo17-97ZAAAD"},{"trendInfo":{"trendId":30078},"subscriptionId":"TUMdPdVeChic__4cAAAE"},{"trendInfo":{"trendId":30078},"subscriptionId":"TUMdPdVeChic__4cAAAE"},{"trendInfo":{"trendId":30078},"subscriptionId":"4tz0IP3KPo17-97ZAAAD"},{"trendInfo":{"trendId":30078},"subscriptionId":"4tz0IP3KPo17-97ZAAAD"},{"trendInfo":{"trendId":30078},"subscriptionId":"4tz0IP3KPo17-97ZAAAD"},{"trendInfo":{"trendId":30078},"subscriptionId":"4tz0IP3KPo17-97ZAAAD"}]}
2019-04-18 16:15:30 info: {"comment_trenders_disconnect":[{"trendInfo":{"trendId":40146},"subscriptionId":"TUMdPdVeChic__4cAAAE"},{"trendInfo":{"trendId":40146},"subscriptionId":"TUMdPdVeChic__4cAAAE"},{"trendInfo":{"trendId":40143},"subscriptionId":"TUMdPdVeChic__4cAAAE"},{"trendInfo":{"trendId":40143},"subscriptionId":"TUMdPdVeChic__4cAAAE"},{"trendInfo":{"trendId":40143},"subscriptionId":"TUMdPdVeChic__4cAAAE"},{"trendInfo":{"trendId":40143},"subscriptionId":"TUMdPdVeChic__4cAAAE"},{"trendInfo":{"trendId":40143},"subscriptionId":"4tz0IP3KPo17-97ZAAAD"},{"trendInfo":{"trendId":40143},"subscriptionId":"TUMdPdVeChic__4cAAAE"},{"trendInfo":{"trendId":40143},"subscriptionId":"TUMdPdVeChic__4cAAAE"},{"trendInfo":{"trendId":40143},"subscriptionId":"4tz0IP3KPo17-97ZAAAD"},{"trendInfo":{"trendId":40143},"subscriptionId":"4tz0IP3KPo17-97ZAAAD"},{"trendInfo":{"trendId":40163},"subscriptionId":"4tz0IP3KPo17-97ZAAAD"},{"trendInfo":{"trendId":40163},"subscriptionId":"4tz0IP3KPo17-97ZAAAD"},{"trendInfo":{"trendId":30078},"subscriptionId":"TUMdPdVeChic__4cAAAE"},{"trendInfo":{"trendId":30078},"subscriptionId":"TUMdPdVeChic__4cAAAE"},{"trendInfo":{"trendId":30078},"subscriptionId":"4tz0IP3KPo17-97ZAAAD"},{"trendInfo":{"trendId":30078},"subscriptionId":"4tz0IP3KPo17-97ZAAAD"},{"trendInfo":{"trendId":30078},"subscriptionId":"4tz0IP3KPo17-97ZAAAD"},{"trendInfo":{"trendId":30078},"subscriptionId":"4tz0IP3KPo17-97ZAAAD"}]}
2019-04-18 16:15:30 info: {"comment_trenders_disconnect":[{"trendInfo":{"trendId":40146},"subscriptionId":"TUMdPdVeChic__4cAAAE"},{"trendInfo":{"trendId":40146},"subscriptionId":"TUMdPdVeChic__4cAAAE"},{"trendInfo":{"trendId":40143},"subscriptionId":"TUMdPdVeChic__4cAAAE"},{"trendInfo":{"trendId":40143},"subscriptionId":"TUMdPdVeChic__4cAAAE"},{"trendInfo":{"trendId":40143},"subscriptionId":"TUMdPdVeChic__4cAAAE"},{"trendInfo":{"trendId":40143},"subscriptionId":"TUMdPdVeChic__4cAAAE"},{"trendInfo":{"trendId":40143},"subscriptionId":"4tz0IP3KPo17-97ZAAAD"},{"trendInfo":{"trendId":40143},"subscriptionId":"TUMdPdVeChic__4cAAAE"},{"trendInfo":{"trendId":40143},"subscriptionId":"TUMdPdVeChic__4cAAAE"},{"trendInfo":{"trendId":40143},"subscriptionId":"4tz0IP3KPo17-97ZAAAD"},{"trendInfo":{"trendId":40143},"subscriptionId":"4tz0IP3KPo17-97ZAAAD"},{"trendInfo":{"trendId":40163},"subscriptionId":"4tz0IP3KPo17-97ZAAAD"},{"trendInfo":{"trendId":30078},"subscriptionId":"TUMdPdVeChic__4cAAAE"},{"trendInfo":{"trendId":30078},"subscriptionId":"TUMdPdVeChic__4cAAAE"},{"trendInfo":{"trendId":30078},"subscriptionId":"4tz0IP3KPo17-97ZAAAD"},{"trendInfo":{"trendId":30078},"subscriptionId":"4tz0IP3KPo17-97ZAAAD"},{"trendInfo":{"trendId":30078},"subscriptionId":"4tz0IP3KPo17-97ZAAAD"},{"trendInfo":{"trendId":30078},"subscriptionId":"4tz0IP3KPo17-97ZAAAD"}]}
2019-04-18 16:15:30 info: {"comment_trenders_disconnect":[{"trendInfo":{"trendId":40146},"subscriptionId":"TUMdPdVeChic__4cAAAE"},{"trendInfo":{"trendId":40146},"subscriptionId":"TUMdPdVeChic__4cAAAE"},{"trendInfo":{"trendId":40143},"subscriptionId":"TUMdPdVeChic__4cAAAE"},{"trendInfo":{"trendId":40143},"subscriptionId":"TUMdPdVeChic__4cAAAE"},{"trendInfo":{"trendId":40143},"subscriptionId":"TUMdPdVeChic__4cAAAE"},{"trendInfo":{"trendId":40143},"subscriptionId":"TUMdPdVeChic__4cAAAE"},{"trendInfo":{"trendId":40143},"subscriptionId":"4tz0IP3KPo17-97ZAAAD"},{"trendInfo":{"trendId":40143},"subscriptionId":"TUMdPdVeChic__4cAAAE"},{"trendInfo":{"trendId":40143},"subscriptionId":"TUMdPdVeChic__4cAAAE"},{"trendInfo":{"trendId":40143},"subscriptionId":"4tz0IP3KPo17-97ZAAAD"},{"trendInfo":{"trendId":40143},"subscriptionId":"4tz0IP3KPo17-97ZAAAD"},{"trendInfo":{"trendId":40163},"subscriptionId":"4tz0IP3KPo17-97ZAAAD"},{"trendInfo":{"trendId":30078},"subscriptionId":"TUMdPdVeChic__4cAAAE"},{"trendInfo":{"trendId":30078},"subscriptionId":"TUMdPdVeChic__4cAAAE"},{"trendInfo":{"trendId":30078},"subscriptionId":"4tz0IP3KPo17-97ZAAAD"},{"trendInfo":{"trendId":30078},"subscriptionId":"4tz0IP3KPo17-97ZAAAD"},{"trendInfo":{"trendId":30078},"subscriptionId":"4tz0IP3KPo17-97ZAAAD"}]}
2019-04-18 16:15:30 info: {"comment_trenders_disconnect":[{"trendInfo":{"trendId":40146},"subscriptionId":"TUMdPdVeChic__4cAAAE"},{"trendInfo":{"trendId":40146},"subscriptionId":"TUMdPdVeChic__4cAAAE"},{"trendInfo":{"trendId":40143},"subscriptionId":"TUMdPdVeChic__4cAAAE"},{"trendInfo":{"trendId":40143},"subscriptionId":"TUMdPdVeChic__4cAAAE"},{"trendInfo":{"trendId":40143},"subscriptionId":"TUMdPdVeChic__4cAAAE"},{"trendInfo":{"trendId":40143},"subscriptionId":"TUMdPdVeChic__4cAAAE"},{"trendInfo":{"trendId":40143},"subscriptionId":"4tz0IP3KPo17-97ZAAAD"},{"trendInfo":{"trendId":40143},"subscriptionId":"TUMdPdVeChic__4cAAAE"},{"trendInfo":{"trendId":40143},"subscriptionId":"TUMdPdVeChic__4cAAAE"},{"trendInfo":{"trendId":40143},"subscriptionId":"4tz0IP3KPo17-97ZAAAD"},{"trendInfo":{"trendId":40143},"subscriptionId":"4tz0IP3KPo17-97ZAAAD"},{"trendInfo":{"trendId":40163},"subscriptionId":"4tz0IP3KPo17-97ZAAAD"},{"trendInfo":{"trendId":30078},"subscriptionId":"TUMdPdVeChic__4cAAAE"},{"trendInfo":{"trendId":30078},"subscriptionId":"TUMdPdVeChic__4cAAAE"},{"trendInfo":{"trendId":30078},"subscriptionId":"4tz0IP3KPo17-97ZAAAD"},{"trendInfo":{"trendId":30078},"subscriptionId":"4tz0IP3KPo17-97ZAAAD"}]}
2019-04-18 16:16:42 info: {"socketconnected":"cRtQpYkmY48M-3ERAAAF"}
2019-04-18 16:19:32 info: {"trendInfo":{"trendId":30078}}
2019-04-18 16:19:32 info: {"trendInfo":{"trendId":30078}}
2019-04-18 16:19:34 info: {"trendInfo":{"trendId":30078}}
2019-04-18 16:19:34 info: {"trendInfo":{"trendId":30078}}
2019-04-18 16:19:50 info: {"trendInfo":{"trendId":30078}}
2019-04-18 16:19:50 info: {"trendInfo":{"trendId":30078}}
2019-04-18 16:20:01 info: {"commentInfo":{"Id":50411,"chatroom":"comment_30078","UserProfileId":"140177","IsReply":0}}
2019-04-18 16:20:01 info: {"commentdata":{"commentData":{"CommentID":50411,"CommentText":"Test socket","CommentImage":null,"ProfileImage":null,"UserFirstname":"Shahrukh","UserLastname":"Khan","Username":"shahrukhKhan@yopmail.com","TimeAgo":"0 s","IsLiked":false,"CanDelete":true,"UserProfileId":"140177","CommentAudio":null,"Duration":null,"Replies":[]},"IsReply":false}}
2019-04-18 16:20:31 info: {"trendInfo":{"trendId":30078}}
2019-04-18 16:20:31 info: {"trendInfo":{"trendId":30078}}
2019-04-18 16:20:46 info: {"trendInfo":{"trendId":30078}}
2019-04-18 16:20:46 info: {"trendInfo":{"trendId":30078}}
2019-04-18 16:21:18 info: {"trendInfo":{"trendId":30078}}
2019-04-18 16:21:18 info: {"trendInfo":{"trendId":30078}}
2019-04-18 16:21:39 info: {"commentInfo":{"Id":50412,"chatroom":"comment_30078","UserProfileId":"140177","IsReply":0}}
2019-04-18 16:21:39 info: {"commentdata":{"commentData":{"CommentID":50412,"CommentText":"Test","CommentImage":null,"ProfileImage":null,"UserFirstname":"Shahrukh","UserLastname":"Khan","Username":"shahrukhKhan@yopmail.com","TimeAgo":"0 s","IsLiked":false,"CanDelete":true,"UserProfileId":"140177","CommentAudio":null,"Duration":null,"Replies":[]},"IsReply":false}}
2019-04-18 16:22:03 info: {"trendInfo":{"trendId":30078}}
2019-04-18 16:22:03 info: {"trendInfo":{"trendId":30078}}
2019-04-18 16:22:23 info: {"trendInfo":{"trendId":30078}}
2019-04-18 16:22:23 info: {"trendInfo":{"trendId":30078}}
2019-04-18 16:22:34 info: {"trendInfo":{"trendId":30078}}
2019-04-18 16:22:34 info: {"trendInfo":{"trendId":30078}}
2019-04-18 16:23:54 info: {"trendInfo":{"trendId":30078}}
2019-04-18 16:23:54 info: {"trendInfo":{"trendId":30078}}
2019-04-18 16:24:08 info: {"trendInfo":{"trendId":30078}}
2019-04-18 16:24:08 info: {"trendInfo":{"trendId":30078}}
2019-04-18 16:24:38 info: {"chatUsers":[{"userinfo":{"userId":"f88f8c82-45b6-4936-b16d-a4cb3a46329b","fromUserProfileId":"130044","toUserProfileId":140177},"subscriptionId":"cRtQpYkmY48M-3ERAAAF"}]}
