2019-04-02 16:48:09 info: [object Object]
2019-04-02 16:48:09 info: Hello world
2019-04-02 16:48:12 info: [object Object]
2019-04-02 16:48:12 info: Hello world
2019-04-02 16:48:12 info: [object Object]
2019-04-02 16:48:12 info: [object Object]
2019-04-02 16:48:33 info: [object Object]
2019-04-02 16:48:33 info: Hello world
2019-04-02 16:48:45 info: [object Object]
2019-04-02 16:48:45 info: Hello world
2019-04-02 16:48:45 info: [object Object]
2019-04-02 16:48:45 info: [object Object]
2019-04-02 16:55:06 info: {"socketconnected":"uXggvrTcBbcroQBBAAAA"}
2019-04-02 16:55:06 info: Hello world
2019-04-02 16:56:04 info: {"socketconnected":"PbAXZfmY8TVREGr5AAAA"}
2019-04-02 16:56:04 info: Hello world
2019-04-02 16:57:00 info: {"socketconnected":"zRcC2QteVM5hn44zAAAA"}
2019-04-02 16:57:00 info: Hello world
2019-04-02 16:57:09 info: {"socketconnected":"[object Object]"}
2019-04-02 16:57:09 info: Hello world
2019-04-02 16:57:14 info: {"socketconnected":"[object Object]"}
2019-04-02 16:57:14 info: Hello world
2019-04-02 16:58:08 info: [object Object]
2019-04-02 16:58:08 info: Hello world
2019-04-02 17:00:35 info: [object Object]
2019-04-02 17:00:35 info: Hello world
2019-04-02 17:00:58 info: [object Object]
2019-04-02 17:00:58 info: Hello world
2019-04-02 17:01:06 info: [object Object]
2019-04-02 17:01:06 info: Hello world
2019-04-02 17:01:18 info: [object Object]
2019-04-02 17:01:18 info: Hello world
2019-04-02 17:01:47 info: [object Object]
2019-04-02 17:03:52 info: [object Object]
2019-04-02 17:03:55 info: [object Object]
2019-04-02 17:04:04 info: [object Object]
2019-04-02 17:07:00 info: [object Object]
2019-04-02 17:08:58 info: [object Object]
